<?xml version="1.0" encoding="UTF-8"?>
<!-- Generated by org.testng.reporters.JUnitReportReporter -->
<testsuite hostname="DESKTOP-8718NVT" failures="0" tests="1" name="Test.LoginTest" time="10.951" errors="0" timestamp="2022-08-25T19:54:24 EDT" skipped="0">
  <testcase classname="Test.LoginTest" name="GmailTitle" time="10.951"/>
  <system-out/>
</testsuite> <!-- Test.LoginTest -->
